
*** Running vivado
    with args -log metronome.vds -m64 -product Vivado -mode batch -messageDb vivado.pb -notrace -source metronome.tcl



****** Vivado v2025.1 (64-bit)
  **** SW Build 6140274 on Thu May 22 00:12:29 MDT 2025
  **** IP Build 6138677 on Thu May 22 03:10:11 MDT 2025
  **** SharedData Build 6139179 on Tue May 20 17:58:58 MDT 2025
  **** Start of session at: Tue Nov 25 20:44:22 2025
    ** Copyright 1986-2022 Xilinx, Inc. All Rights Reserved.
    ** Copyright 2022-2025 Advanced Micro Devices, Inc. All Rights Reserved.

source metronome.tcl -notrace
Command: read_checkpoint -auto_incremental -incremental C:/Users/123jo/School/F2025/CPE133/cpe133-metronome/project_1.srcs/utils_1/imports/synth_1/metronome.dcp
INFO: [Vivado 12-5825] Read reference checkpoint from C:/Users/123jo/School/F2025/CPE133/cpe133-metronome/project_1.srcs/utils_1/imports/synth_1/metronome.dcp for incremental synthesis
INFO: [Vivado 12-7989] Please ensure there are no constraint changes
Command: synth_design -top metronome -part xc7a35ticpg236-1L
Starting synth_design
Attempting to get a license for feature 'Synthesis' and/or device 'xc7a35ti'
INFO: [Common 17-349] Got license for feature 'Synthesis' and/or device 'xc7a35ti'
INFO: [Device 21-403] Loading part xc7a35ticpg236-1L
INFO: [Designutils 20-5440] No compile time benefit to using incremental synthesis; A full resynthesis will be run
INFO: [Designutils 20-4379] Flow is switching to default flow due to incremental criteria not met. If you would like to alter this behaviour and have the flow terminate instead, please set the following parameter config_implementation {autoIncr.Synth.RejectBehavior Terminate}
INFO: [Synth 8-7079] Multithreading enabled for synth_design using a maximum of 2 processes.
INFO: [Synth 8-7078] Launching helper process for spawning children vivado processes
INFO: [Synth 8-7075] Helper process launched with PID 27132
---------------------------------------------------------------------------------
Starting RTL Elaboration : Time (s): cpu = 00:00:04 ; elapsed = 00:00:04 . Memory (MB): peak = 1178.508 ; gain = 494.262
---------------------------------------------------------------------------------
WARNING: [Synth 8-10929] literal value 'd500 truncated to fit in 8 bits [C:/Users/123jo/School/F2025/CPE133/cpe133-metronome/project_1.srcs/sources_1/new/bpm_input.sv:35]
INFO: [Synth 8-6157] synthesizing module 'metronome' [C:/Users/123jo/School/F2025/CPE133/cpe133-metronome/project_1.srcs/sources_1/new/metronome.sv:23]
INFO: [Synth 8-6157] synthesizing module 'button_logic' [C:/Users/123jo/School/F2025/CPE133/cpe133-metronome/project_1.srcs/sources_1/new/button_logic.sv:1]
INFO: [Synth 8-6155] done synthesizing module 'button_logic' (0#1) [C:/Users/123jo/School/F2025/CPE133/cpe133-metronome/project_1.srcs/sources_1/new/button_logic.sv:1]
INFO: [Synth 8-6157] synthesizing module 'bpm_input' [C:/Users/123jo/School/F2025/CPE133/cpe133-metronome/project_1.srcs/sources_1/new/bpm_input.sv:23]
INFO: [Synth 8-6155] done synthesizing module 'bpm_input' (0#1) [C:/Users/123jo/School/F2025/CPE133/cpe133-metronome/project_1.srcs/sources_1/new/bpm_input.sv:23]
INFO: [Synth 8-6157] synthesizing module 'beats_per_measure_input' [C:/Users/123jo/School/F2025/CPE133/cpe133-metronome/project_1.srcs/sources_1/new/beats_per_measure_input.sv:23]
INFO: [Synth 8-6155] done synthesizing module 'beats_per_measure_input' (0#1) [C:/Users/123jo/School/F2025/CPE133/cpe133-metronome/project_1.srcs/sources_1/new/beats_per_measure_input.sv:23]
INFO: [Synth 8-6157] synthesizing module 'tempo_generator' [C:/Users/123jo/School/F2025/CPE133/cpe133-metronome/project_1.srcs/sources_1/new/tempo_generator.sv:23]
INFO: [Synth 8-6157] synthesizing module 'ms_tick' [C:/Users/123jo/School/F2025/CPE133/cpe133-metronome/project_1.srcs/sources_1/new/ms_tick.sv:19]
INFO: [Synth 8-6155] done synthesizing module 'ms_tick' (0#1) [C:/Users/123jo/School/F2025/CPE133/cpe133-metronome/project_1.srcs/sources_1/new/ms_tick.sv:19]
INFO: [Synth 8-6155] done synthesizing module 'tempo_generator' (0#1) [C:/Users/123jo/School/F2025/CPE133/cpe133-metronome/project_1.srcs/sources_1/new/tempo_generator.sv:23]
INFO: [Synth 8-6157] synthesizing module 'downbeats' [C:/Users/123jo/School/F2025/CPE133/cpe133-metronome/project_1.srcs/sources_1/new/downbeats.sv:23]
INFO: [Synth 8-6155] done synthesizing module 'downbeats' (0#1) [C:/Users/123jo/School/F2025/CPE133/cpe133-metronome/project_1.srcs/sources_1/new/downbeats.sv:23]
INFO: [Synth 8-6157] synthesizing module 'seven_seg_display' [C:/Users/123jo/School/F2025/CPE133/cpe133-metronome/project_1.srcs/sources_1/new/seven_seg_display.sv:29]
INFO: [Synth 8-6157] synthesizing module 'seg7_frontend_min' [C:/Users/123jo/School/F2025/CPE133/cpe133-metronome/project_1.srcs/sources_1/new/seven_seg_display.sv:56]
INFO: [Synth 8-6157] synthesizing module 'display_format_bpm_or_ts' [C:/Users/123jo/School/F2025/CPE133/cpe133-metronome/project_1.srcs/sources_1/new/seven_seg_display.sv:149]
INFO: [Synth 8-6157] synthesizing module 'bcd_u8' [C:/Users/123jo/School/F2025/CPE133/cpe133-metronome/project_1.srcs/sources_1/new/seven_seg_display.sv:110]
INFO: [Synth 8-6155] done synthesizing module 'bcd_u8' (0#1) [C:/Users/123jo/School/F2025/CPE133/cpe133-metronome/project_1.srcs/sources_1/new/seven_seg_display.sv:110]
WARNING: [Synth 8-7071] port 'hund' of module 'bcd_u8' is unconnected for instance 'u_ts' [C:/Users/123jo/School/F2025/CPE133/cpe133-metronome/project_1.srcs/sources_1/new/seven_seg_display.sv:169]
WARNING: [Synth 8-7071] port 'tens' of module 'bcd_u8' is unconnected for instance 'u_ts' [C:/Users/123jo/School/F2025/CPE133/cpe133-metronome/project_1.srcs/sources_1/new/seven_seg_display.sv:169]
WARNING: [Synth 8-7023] instance 'u_ts' of module 'bcd_u8' has 4 connections declared, but only 2 given [C:/Users/123jo/School/F2025/CPE133/cpe133-metronome/project_1.srcs/sources_1/new/seven_seg_display.sv:169]
INFO: [Synth 8-6155] done synthesizing module 'display_format_bpm_or_ts' (0#1) [C:/Users/123jo/School/F2025/CPE133/cpe133-metronome/project_1.srcs/sources_1/new/seven_seg_display.sv:149]
INFO: [Synth 8-6157] synthesizing module 'seg7_control_case' [C:/Users/123jo/School/F2025/CPE133/cpe133-metronome/project_1.srcs/sources_1/new/seven_seg_display.sv:195]
INFO: [Synth 8-226] default block is never used [C:/Users/123jo/School/F2025/CPE133/cpe133-metronome/project_1.srcs/sources_1/new/seven_seg_display.sv:233]
INFO: [Synth 8-226] default block is never used [C:/Users/123jo/School/F2025/CPE133/cpe133-metronome/project_1.srcs/sources_1/new/seven_seg_display.sv:247]
INFO: [Synth 8-294] found qualifier unique on case statement: implementing as parallel_case [C:/Users/123jo/School/F2025/CPE133/cpe133-metronome/project_1.srcs/sources_1/new/seven_seg_display.sv:256]
INFO: [Synth 8-6155] done synthesizing module 'seg7_control_case' (0#1) [C:/Users/123jo/School/F2025/CPE133/cpe133-metronome/project_1.srcs/sources_1/new/seven_seg_display.sv:195]
INFO: [Synth 8-6157] synthesizing module 'led_flash_on_pulse' [C:/Users/123jo/School/F2025/CPE133/cpe133-metronome/project_1.srcs/sources_1/new/seven_seg_display.sv:277]
	Parameter FLASH_MS bound to: 32'sb00000000000000000000000001111000 
	Parameter CLK_HZ bound to: 32'sb00000101111101011110000100000000 
	Parameter LEDS bound to: 32'sb00000000000000000000000000010000 
	Parameter MASK bound to: 65535 - type: integer 
INFO: [Synth 8-6155] done synthesizing module 'led_flash_on_pulse' (0#1) [C:/Users/123jo/School/F2025/CPE133/cpe133-metronome/project_1.srcs/sources_1/new/seven_seg_display.sv:277]
INFO: [Synth 8-6155] done synthesizing module 'seg7_frontend_min' (0#1) [C:/Users/123jo/School/F2025/CPE133/cpe133-metronome/project_1.srcs/sources_1/new/seven_seg_display.sv:56]
INFO: [Synth 8-6155] done synthesizing module 'seven_seg_display' (0#1) [C:/Users/123jo/School/F2025/CPE133/cpe133-metronome/project_1.srcs/sources_1/new/seven_seg_display.sv:29]
INFO: [Synth 8-6155] done synthesizing module 'metronome' (0#1) [C:/Users/123jo/School/F2025/CPE133/cpe133-metronome/project_1.srcs/sources_1/new/metronome.sv:23]
---------------------------------------------------------------------------------
Finished RTL Elaboration : Time (s): cpu = 00:00:05 ; elapsed = 00:00:05 . Memory (MB): peak = 1286.066 ; gain = 601.820
---------------------------------------------------------------------------------
---------------------------------------------------------------------------------
Start Handling Custom Attributes
---------------------------------------------------------------------------------
---------------------------------------------------------------------------------
Finished Handling Custom Attributes : Time (s): cpu = 00:00:05 ; elapsed = 00:00:05 . Memory (MB): peak = 1286.066 ; gain = 601.820
---------------------------------------------------------------------------------
---------------------------------------------------------------------------------
Finished RTL Optimization Phase 1 : Time (s): cpu = 00:00:05 ; elapsed = 00:00:05 . Memory (MB): peak = 1286.066 ; gain = 601.820
---------------------------------------------------------------------------------
Netlist sorting complete. Time (s): cpu = 00:00:00 ; elapsed = 00:00:00.005 . Memory (MB): peak = 1286.066 ; gain = 0.000
INFO: [Project 1-570] Preparing netlist for logic optimization

Processing XDC Constraints
Initializing timing engine
Parsing XDC File [C:/Users/123jo/School/F2025/CPE133/cpe133-metronome/basys3_constraints.xdc]
Finished Parsing XDC File [C:/Users/123jo/School/F2025/CPE133/cpe133-metronome/basys3_constraints.xdc]
INFO: [Project 1-236] Implementation specific constraints were found while reading constraint file [C:/Users/123jo/School/F2025/CPE133/cpe133-metronome/basys3_constraints.xdc]. These constraints will be ignored for synthesis but will be used in implementation. Impacted constraints are listed in the file [.Xil/metronome_propImpl.xdc].
Resolution: To avoid this warning, move constraints listed in [.Xil/metronome_propImpl.xdc] to another XDC file and exclude this new file from synthesis with the used_in_synthesis property (File Properties dialog in GUI) and re-run elaboration/synthesis.
Completed Processing XDC Constraints

Netlist sorting complete. Time (s): cpu = 00:00:00 ; elapsed = 00:00:00 . Memory (MB): peak = 1368.441 ; gain = 0.000
INFO: [Project 1-111] Unisim Transformation Summary:
No Unisim elements were transformed.

Constraint Validation Runtime : Time (s): cpu = 00:00:00 ; elapsed = 00:00:00.003 . Memory (MB): peak = 1368.441 ; gain = 0.000
INFO: [Designutils 20-5440] No compile time benefit to using incremental synthesis; A full resynthesis will be run
INFO: [Designutils 20-4379] Flow is switching to default flow due to incremental criteria not met. If you would like to alter this behaviour and have the flow terminate instead, please set the following parameter config_implementation {autoIncr.Synth.RejectBehavior Terminate}
---------------------------------------------------------------------------------
Finished Constraint Validation : Time (s): cpu = 00:00:11 ; elapsed = 00:00:11 . Memory (MB): peak = 1368.441 ; gain = 684.195
---------------------------------------------------------------------------------
---------------------------------------------------------------------------------
Start Loading Part and Timing Information
---------------------------------------------------------------------------------
Loading part: xc7a35ticpg236-1L
---------------------------------------------------------------------------------
Finished Loading Part and Timing Information : Time (s): cpu = 00:00:11 ; elapsed = 00:00:11 . Memory (MB): peak = 1368.441 ; gain = 684.195
---------------------------------------------------------------------------------
---------------------------------------------------------------------------------
Start Applying 'set_property' XDC Constraints
---------------------------------------------------------------------------------
---------------------------------------------------------------------------------
Finished applying 'set_property' XDC Constraints : Time (s): cpu = 00:00:11 ; elapsed = 00:00:11 . Memory (MB): peak = 1368.441 ; gain = 684.195
---------------------------------------------------------------------------------
---------------------------------------------------------------------------------
Finished RTL Optimization Phase 2 : Time (s): cpu = 00:00:11 ; elapsed = 00:00:12 . Memory (MB): peak = 1368.441 ; gain = 684.195
---------------------------------------------------------------------------------
---------------------------------------------------------------------------------
Start RTL Component Statistics 
---------------------------------------------------------------------------------
Detailed RTL Component Info : 
+---Adders : 
	   2 Input   32 Bit       Adders := 8     
	   2 Input   17 Bit       Adders := 2     
	   2 Input    8 Bit       Adders := 3     
	   2 Input    4 Bit       Adders := 2     
	   2 Input    2 Bit       Adders := 1     
+---Registers : 
	               32 Bit    Registers := 5     
	               17 Bit    Registers := 2     
	                8 Bit    Registers := 1     
	                4 Bit    Registers := 2     
	                2 Bit    Registers := 1     
	                1 Bit    Registers := 24    
+---Muxes : 
	   2 Input   32 Bit        Muxes := 5     
	   2 Input    9 Bit        Muxes := 2     
	   2 Input    8 Bit        Muxes := 2     
	   2 Input    4 Bit        Muxes := 4     
	   4 Input    4 Bit        Muxes := 2     
	   2 Input    2 Bit        Muxes := 2     
	   2 Input    1 Bit        Muxes := 4     
---------------------------------------------------------------------------------
Finished RTL Component Statistics 
---------------------------------------------------------------------------------
---------------------------------------------------------------------------------
Start Part Resource Summary
---------------------------------------------------------------------------------
Part Resources:
DSPs: 90 (col length:60)
BRAMs: 100 (col length: RAMB18 60 RAMB36 30)
---------------------------------------------------------------------------------
Finished Part Resource Summary
---------------------------------------------------------------------------------
---------------------------------------------------------------------------------
Start Cross Boundary and Area Optimization
---------------------------------------------------------------------------------
WARNING: [Synth 8-7080] Parallel synthesis criteria is not met
---------------------------------------------------------------------------------
Finished Cross Boundary and Area Optimization : Time (s): cpu = 00:00:14 ; elapsed = 00:00:16 . Memory (MB): peak = 1368.441 ; gain = 684.195
---------------------------------------------------------------------------------
---------------------------------------------------------------------------------
Start Applying XDC Timing Constraints
---------------------------------------------------------------------------------
---------------------------------------------------------------------------------
Finished Applying XDC Timing Constraints : Time (s): cpu = 00:00:18 ; elapsed = 00:00:20 . Memory (MB): peak = 1489.930 ; gain = 805.684
---------------------------------------------------------------------------------
---------------------------------------------------------------------------------
Start Timing Optimization
---------------------------------------------------------------------------------
---------------------------------------------------------------------------------
Finished Timing Optimization : Time (s): cpu = 00:00:19 ; elapsed = 00:00:20 . Memory (MB): peak = 1514.684 ; gain = 830.438
---------------------------------------------------------------------------------
---------------------------------------------------------------------------------
Start Technology Mapping
---------------------------------------------------------------------------------
---------------------------------------------------------------------------------
Finished Technology Mapping : Time (s): cpu = 00:00:19 ; elapsed = 00:00:20 . Memory (MB): peak = 1515.352 ; gain = 831.105
---------------------------------------------------------------------------------
---------------------------------------------------------------------------------
Start IO Insertion
---------------------------------------------------------------------------------
---------------------------------------------------------------------------------
Start Flattening Before IO Insertion
---------------------------------------------------------------------------------
---------------------------------------------------------------------------------
Finished Flattening Before IO Insertion
---------------------------------------------------------------------------------
---------------------------------------------------------------------------------
Start Final Netlist Cleanup
---------------------------------------------------------------------------------
---------------------------------------------------------------------------------
Finished Final Netlist Cleanup
---------------------------------------------------------------------------------
---------------------------------------------------------------------------------
Finished IO Insertion : Time (s): cpu = 00:00:22 ; elapsed = 00:00:23 . Memory (MB): peak = 1737.105 ; gain = 1052.859
---------------------------------------------------------------------------------
---------------------------------------------------------------------------------
Start Renaming Generated Instances
---------------------------------------------------------------------------------
---------------------------------------------------------------------------------
Finished Renaming Generated Instances : Time (s): cpu = 00:00:22 ; elapsed = 00:00:23 . Memory (MB): peak = 1737.105 ; gain = 1052.859
---------------------------------------------------------------------------------
---------------------------------------------------------------------------------
Start Rebuilding User Hierarchy
---------------------------------------------------------------------------------
---------------------------------------------------------------------------------
Finished Rebuilding User Hierarchy : Time (s): cpu = 00:00:22 ; elapsed = 00:00:23 . Memory (MB): peak = 1737.105 ; gain = 1052.859
---------------------------------------------------------------------------------
---------------------------------------------------------------------------------
Start Renaming Generated Ports
---------------------------------------------------------------------------------
---------------------------------------------------------------------------------
Finished Renaming Generated Ports : Time (s): cpu = 00:00:22 ; elapsed = 00:00:23 . Memory (MB): peak = 1737.105 ; gain = 1052.859
---------------------------------------------------------------------------------
---------------------------------------------------------------------------------
Start Handling Custom Attributes
---------------------------------------------------------------------------------
---------------------------------------------------------------------------------
Finished Handling Custom Attributes : Time (s): cpu = 00:00:22 ; elapsed = 00:00:23 . Memory (MB): peak = 1737.105 ; gain = 1052.859
---------------------------------------------------------------------------------
---------------------------------------------------------------------------------
Start Renaming Generated Nets
---------------------------------------------------------------------------------
---------------------------------------------------------------------------------
Finished Renaming Generated Nets : Time (s): cpu = 00:00:22 ; elapsed = 00:00:23 . Memory (MB): peak = 1737.105 ; gain = 1052.859
---------------------------------------------------------------------------------
---------------------------------------------------------------------------------
Start Writing Synthesis Report
---------------------------------------------------------------------------------

Report BlackBoxes: 
+-+--------------+----------+
| |BlackBox name |Instances |
+-+--------------+----------+
+-+--------------+----------+

Report Cell Usage: 
+------+-------+------+
|      |Cell   |Count |
+------+-------+------+
|1     |BUFG   |     1|
|2     |CARRY4 |    84|
|3     |LUT1   |    51|
|4     |LUT2   |    48|
|5     |LUT3   |    35|
|6     |LUT4   |    61|
|7     |LUT5   |   181|
|8     |LUT6   |    50|
|9     |MUXF7  |     1|
|10    |FDCE   |   210|
|11    |FDPE   |     6|
|12    |FDRE   |    66|
|13    |FDSE   |    10|
|14    |IBUF   |     8|
|15    |OBUF   |    27|
+------+-------+------+
---------------------------------------------------------------------------------
Finished Writing Synthesis Report : Time (s): cpu = 00:00:22 ; elapsed = 00:00:23 . Memory (MB): peak = 1737.105 ; gain = 1052.859
---------------------------------------------------------------------------------
Synthesis finished with 0 errors, 0 critical warnings and 1 warnings.
Synthesis Optimization Runtime : Time (s): cpu = 00:00:16 ; elapsed = 00:00:22 . Memory (MB): peak = 1737.105 ; gain = 970.484
Synthesis Optimization Complete : Time (s): cpu = 00:00:22 ; elapsed = 00:00:23 . Memory (MB): peak = 1737.105 ; gain = 1052.859
INFO: [Project 1-571] Translating synthesized netlist
Netlist sorting complete. Time (s): cpu = 00:00:00 ; elapsed = 00:00:00.008 . Memory (MB): peak = 1737.105 ; gain = 0.000
INFO: [Netlist 29-17] Analyzing 85 Unisim elements for replacement
INFO: [Netlist 29-28] Unisim Transformation completed in 0 CPU seconds
INFO: [Project 1-570] Preparing netlist for logic optimization
INFO: [Opt 31-138] Pushed 0 inverter(s) to 0 load pin(s).
Netlist sorting complete. Time (s): cpu = 00:00:00 ; elapsed = 00:00:00 . Memory (MB): peak = 1737.105 ; gain = 0.000
INFO: [Project 1-111] Unisim Transformation Summary:
No Unisim elements were transformed.

Synth Design complete | Checksum: af0a57d0
INFO: [Common 17-83] Releasing license: Synthesis
50 Infos, 5 Warnings, 0 Critical Warnings and 0 Errors encountered.
synth_design completed successfully
synth_design: Time (s): cpu = 00:00:24 ; elapsed = 00:00:28 . Memory (MB): peak = 1737.105 ; gain = 1240.871
Write ShapeDB Complete: Time (s): cpu = 00:00:00 ; elapsed = 00:00:00.003 . Memory (MB): peak = 1737.105 ; gain = 0.000
INFO: [Common 17-1381] The checkpoint 'C:/Users/123jo/School/F2025/CPE133/cpe133-metronome/project_1.runs/synth_1/metronome.dcp' has been generated.
INFO: [Vivado 12-24828] Executing command : report_utilization -file metronome_utilization_synth.rpt -pb metronome_utilization_synth.pb
INFO: [Common 17-206] Exiting Vivado at Tue Nov 25 20:44:56 2025...
